{"C:\\Users\\claud\\OneDrive - Nova Scotia Community College\\SecondTermA\\Testing\\ICAteamRound\\ImplementationTask-FindAWord\\findWord.js": {"path":"C:\\Users\\claud\\OneDrive - Nova Scotia Community College\\SecondTermA\\Testing\\ICAteamRound\\ImplementationTask-FindAWord\\findWord.js","statementMap":{"0":{"start":{"line":3,"column":17},"end":{"line":22,"column":1}},"1":{"start":{"line":5,"column":4},"end":{"line":7,"column":5}},"2":{"start":{"line":6,"column":8},"end":{"line":6,"column":19}},"3":{"start":{"line":10,"column":4},"end":{"line":10,"column":62}},"4":{"start":{"line":13,"column":21},"end":{"line":13,"column":40}},"5":{"start":{"line":15,"column":17},"end":{"line":15,"column":18}},"6":{"start":{"line":16,"column":4},"end":{"line":20,"column":5}},"7":{"start":{"line":16,"column":17},"end":{"line":16,"column":18}},"8":{"start":{"line":17,"column":8},"end":{"line":19,"column":9}},"9":{"start":{"line":18,"column":12},"end":{"line":18,"column":24}},"10":{"start":{"line":21,"column":4},"end":{"line":21,"column":18}},"11":{"start":{"line":24,"column":0},"end":{"line":24,"column":28}}},"fnMap":{"0":{"name":"(anonymous_0)","decl":{"start":{"line":3,"column":17},"end":{"line":3,"column":18}},"loc":{"start":{"line":3,"column":37},"end":{"line":22,"column":1}},"line":3}},"branchMap":{"0":{"loc":{"start":{"line":5,"column":4},"end":{"line":7,"column":5}},"type":"if","locations":[{"start":{"line":5,"column":4},"end":{"line":7,"column":5}},{"start":{},"end":{}}],"line":5},"1":{"loc":{"start":{"line":17,"column":8},"end":{"line":19,"column":9}},"type":"if","locations":[{"start":{"line":17,"column":8},"end":{"line":19,"column":9}},{"start":{},"end":{}}],"line":17}},"s":{"0":1,"1":8,"2":3,"3":5,"4":5,"5":5,"6":5,"7":5,"8":32,"9":4,"10":5,"11":1},"f":{"0":8},"b":{"0":[3,5],"1":[4,28]},"_coverageSchema":"1a1c01bbd47fc00a2c39e90264f33305004495a9","hash":"311fd61d6545b5e7e185c427ad478c6776ff6a6c"}
}
